Registering random-1.0.1.1...
\Luka\Documents\Haskell\Evo\.cabal-sandbox\x86_64-windows-ghc-7.10.1\random-1.0.1.1-DlLTWyRs9o54NbLQ2KAsIm
box-3641ce58\build\System\Random.o )

System\Random.hs:43:1: Warning: Tab character

System\Random.hs:45:1: Warning: Tab character

System\Random.hs:47:1: Warning: Tab character

System\Random.hs:53:1: Warning: Tab character

System\Random.hs:55:1: Warning: Tab character

System\Random.hs:56:1: Warning: Tab character

System\Random.hs:57:1: Warning: Tab character

System\Random.hs:59:1: Warning: Tab character

System\Random.hs:61:1: Warning: Tab character

System\Random.hs:63:1: Warning: Tab character

System\Random.hs:64:1: Warning: Tab character

System\Random.hs:65:1: Warning: Tab character

System\Random.hs:66:1: Warning: Tab character

System\Random.hs:68:1: Warning: Tab character

System\Random.hs:69:1: Warning: Tab character

System\Random.hs:70:1: Warning: Tab character

System\Random.hs:71:1: Warning: Tab character

System\Random.hs:73:1: Warning: Tab character

System\Random.hs:74:1: Warning: Tab character

System\Random.hs:76:1: Warning: Tab character

System\Random.hs:90:22: Warning: Tab character

System\Random.hs:91:17: Warning: Tab character

System\Random.hs:94:17: Warning: Tab character

System\Random.hs:97:15: Warning: Tab character

System\Random.hs:217:1: Warning: Tab character

System\Random.hs:218:1: Warning: Tab character

System\Random.hs:226:1: Warning: Tab character

System\Random.hs:241:1: Warning: Tab character

System\Random.hs:242:1: Warning: Tab character

System\Random.hs:243:1: Warning: Tab character

System\Random.hs:244:1: Warning: Tab character

System\Random.hs:245:1: Warning: Tab character

System\Random.hs:298:11: Warning: Tab character

System\Random.hs:303:11: Warning: Tab character

System\Random.hs:344:11: Warning: Tab character

System\Random.hs:355:1: Warning: Tab character

System\Random.hs:356:1: Warning: Tab character

System\Random.hs:356:20: Warning: Tab character

System\Random.hs:357:1: Warning: Tab character

System\Random.hs:357:20: Warning: Tab character

System\Random.hs:359:11: Warning: Tab character

System\Random.hs:366:1: Warning: Tab character

System\Random.hs:375:1: Warning: Tab character

System\Random.hs:388:1: Warning: Tab character

System\Random.hs:389:1: Warning: Tab character

System\Random.hs:390:1: Warning: Tab character

System\Random.hs:400:3: Warning: Tab character

System\Random.hs:438:1: Warning: Tab character

System\Random.hs:439:1: Warning: Tab character

System\Random.hs:441:1: Warning: Tab character

System\Random.hs:453:1: Warning: Tab character

System\Random.hs:454:1: Warning: Tab character

System\Random.hs:455:1: Warning: Tab character

System\Random.hs:457:1: Warning: Tab character

System\Random.hs:458:1: Warning: Tab character

System\Random.hs:459:1: Warning: Tab character

System\Random.hs:477:1: Warning: Tab character

System\Random.hs:477:14: Warning: Tab character

System\Random.hs:478:1: Warning: Tab character

System\Random.hs:480:1: Warning: Tab character

System\Random.hs:481:1: Warning: Tab character

System\Random.hs:482:1: Warning: Tab character

System\Random.hs:484:1: Warning: Tab character

System\Random.hs:485:1: Warning: Tab character

System\Random.hs:486:1: Warning: Tab character
In-place registering random-1.0.1.1...
